[0m10:04:21.283122 [debug] [MainThread]: Sending event: {'category': 'dbt', 'action': 'invocation', 'label': 'start', 'context': [<snowplow_tracker.self_describing_json.SelfDescribingJson object at 0x0000018C57342270>, <snowplow_tracker.self_describing_json.SelfDescribingJson object at 0x0000018C5400F250>, <snowplow_tracker.self_describing_json.SelfDescribingJson object at 0x0000018C5871FC50>]}


============================== 10:04:21.286245 | a133dc1b-0a7d-40f5-a15c-a6d0fa60fedc ==============================
[0m10:04:21.286245 [info ] [MainThread]: Running with dbt=1.11.11
[0m10:04:21.286751 [debug] [MainThread]: running dbt with arguments {'static_parser': 'True', 'no_print': 'None', 'version_check': 'True', 'target_path': 'None', 'warn_error_options': 'WarnErrorOptionsV2(error=[], warn=[], silence=[])', 'printer_width': '80', 'write_json': 'True', 'empty': 'None', 'log_cache_events': 'False', 'introspect': 'True', 'cache_selected_only': 'False', 'log_format': 'default', 'debug': 'False', 'fail_fast': 'False', 'profiles_dir': 'C:\\Users\\Admin\\.dbt', 'send_anonymous_usage_stats': 'True', 'quiet': 'False', 'warn_error': 'None', 'partial_parse': 'True', 'invocation_command': 'dbt init nse_market_risk_dbt', 'indirect_selection': 'eager', 'use_colors': 'True', 'use_experimental_parser': 'False', 'log_path': 'logs'}
[0m10:04:21.300243 [debug] [MainThread]: Starter project path: C:\Users\Admin\OneDrive\Desktop\my Project\NSE_Market_Risk_Dashboard\.venv\Lib\site-packages\dbt\include\starter_project
[0m10:04:21.315992 [info ] [MainThread]: 
Your new dbt project "nse_market_risk_dbt" was created!

For more information on how to configure the profiles.yml file,
please consult the dbt documentation here:

  https://docs.getdbt.com/docs/configure-your-profile

One more thing:

Need help? Don't hesitate to reach out to us via GitHub issues or on Slack:

  https://community.getdbt.com/

Happy modeling!

[0m10:04:21.316431 [info ] [MainThread]: Setting up your profile.
[0m10:05:31.908269 [debug] [MainThread]: Spark adapter: Setting pyhive.hive logging to ERROR
[0m10:05:31.912148 [debug] [MainThread]: Spark adapter: Setting thrift.transport logging to ERROR
[0m10:05:31.912385 [debug] [MainThread]: Spark adapter: Setting thrift.protocol logging to ERROR
[0m10:16:59.065330 [info ] [MainThread]: Profile nse_market_risk_dbt written to C:\Users\Admin\.dbt\profiles.yml using target's profile_template.yml and your supplied values. Run 'dbt debug' to validate the connection.
[0m10:16:59.067007 [debug] [MainThread]: Command `dbt init` succeeded at 10:16:59.066826 after 757.88 seconds
[0m10:16:59.067475 [debug] [MainThread]: Sending event: {'category': 'dbt', 'action': 'invocation', 'label': 'end', 'context': [<snowplow_tracker.self_describing_json.SelfDescribingJson object at 0x0000018C5AD8B950>, <snowplow_tracker.self_describing_json.SelfDescribingJson object at 0x0000018C5745F410>, <snowplow_tracker.self_describing_json.SelfDescribingJson object at 0x0000018C0C49F460>]}
[0m10:16:59.067915 [debug] [MainThread]: Flushing usage events
[0m10:17:00.289316 [debug] [MainThread]: An error was encountered while trying to flush usage events
[0m10:17:08.854663 [debug] [MainThread]: Sending event: {'category': 'dbt', 'action': 'invocation', 'label': 'start', 'context': [<snowplow_tracker.self_describing_json.SelfDescribingJson object at 0x00000231B91A2270>, <snowplow_tracker.self_describing_json.SelfDescribingJson object at 0x00000231B5E7F250>, <snowplow_tracker.self_describing_json.SelfDescribingJson object at 0x00000231BB553B10>]}


============================== 10:17:08.857878 | 806e1a4f-c3c3-45ed-b8d4-a7255f337e18 ==============================
[0m10:17:08.857878 [info ] [MainThread]: Running with dbt=1.11.11
[0m10:17:08.858354 [debug] [MainThread]: running dbt with arguments {'static_parser': 'True', 'no_print': 'None', 'version_check': 'True', 'warn_error_options': 'WarnErrorOptionsV2(error=[], warn=[], silence=[])', 'target_path': 'None', 'printer_width': '80', 'write_json': 'True', 'empty': 'None', 'log_cache_events': 'False', 'introspect': 'True', 'cache_selected_only': 'False', 'log_format': 'default', 'debug': 'False', 'fail_fast': 'False', 'profiles_dir': 'C:\\Users\\Admin\\.dbt', 'send_anonymous_usage_stats': 'True', 'quiet': 'False', 'warn_error': 'None', 'partial_parse': 'True', 'use_colors': 'True', 'indirect_selection': 'eager', 'invocation_command': 'dbt debug', 'use_experimental_parser': 'False', 'log_path': 'logs'}
[0m10:17:08.871976 [info ] [MainThread]: dbt version: 1.11.11
[0m10:17:08.872297 [info ] [MainThread]: python version: 3.13.9
[0m10:17:08.872701 [info ] [MainThread]: python path: C:\Users\Admin\OneDrive\Desktop\my Project\NSE_Market_Risk_Dashboard\.venv\Scripts\python.exe
[0m10:17:08.873037 [info ] [MainThread]: os info: Windows-11-10.0.26200-SP0
[0m10:17:09.577018 [debug] [MainThread]: Spark adapter: Setting pyhive.hive logging to ERROR
[0m10:17:09.577347 [debug] [MainThread]: Spark adapter: Setting thrift.transport logging to ERROR
[0m10:17:09.577556 [debug] [MainThread]: Spark adapter: Setting thrift.protocol logging to ERROR
[0m10:17:10.059067 [info ] [MainThread]: Using profiles dir at C:\Users\Admin\.dbt
[0m10:17:10.059464 [info ] [MainThread]: Using profiles.yml file at C:\Users\Admin\.dbt\profiles.yml
[0m10:17:10.059723 [info ] [MainThread]: Using dbt_project.yml file at C:\Users\Admin\OneDrive\Desktop\my Project\NSE_Market_Risk_Dashboard\dbt_project.yml
[0m10:17:10.060038 [error] [MainThread]: Encountered an error:
Internal Error
  Profile should not be None if loading profile completed
[0m10:17:10.060751 [debug] [MainThread]: Command `dbt debug` failed at 10:17:10.060657 after 1.30 seconds
[0m10:17:10.061005 [debug] [MainThread]: Sending event: {'category': 'dbt', 'action': 'invocation', 'label': 'end', 'context': [<snowplow_tracker.self_describing_json.SelfDescribingJson object at 0x00000231EDEA6190>, <snowplow_tracker.self_describing_json.SelfDescribingJson object at 0x00000231EDE56210>, <snowplow_tracker.self_describing_json.SelfDescribingJson object at 0x00000231EDE53AC0>]}
[0m10:17:10.061265 [debug] [MainThread]: Flushing usage events
[0m10:17:11.180134 [debug] [MainThread]: An error was encountered while trying to flush usage events
